<?xml version="1.0" encoding="UTF-8"?>
<!-- Generated by org.testng.reporters.JUnitXMLReporter -->
<testsuite hostname="Samuels-MacBook-Air.local" ignored="0" name="Command line test" tests="6" failures="0" timestamp="08 Jan 2019 03:58:36 GMT" time="0.396" errors="0">
  <testcase name="attemptToCreateShapeTooLarger" time="0.003" classname="shape.shape.ShapeTest"/>
  <testcase name="attemptToCreateShapeTooSmall" time="0.0" classname="shape.shape.ShapeTest"/>
  <testcase name="createCustomSizedShape" time="0.005" classname="shape.shape.ShapeTest"/>
  <testcase name="createDefaultShape" time="0.0" classname="shape.shape.ShapeTest"/>
  <testcase name="createLargestAllowedShape" time="0.004" classname="shape.shape.ShapeTest"/>
  <testcase name="createSmallestAllowedShape" time="0.0" classname="shape.shape.ShapeTest"/>
</testsuite> <!-- Command line test -->
