<?xml version="1.0" encoding="UTF-8"?>
<testng-results skipped="0" failed="0" ignored="0" total="13" passed="13">
  <reporter-output>
  </reporter-output>
  <suite name="Command line suite" duration-ms="3708" started-at="2019-01-14T03:04:58Z" finished-at="2019-01-14T03:05:01Z">
    <groups>
    </groups>
    <test name="Command line test" duration-ms="3708" started-at="2019-01-14T03:04:58Z" finished-at="2019-01-14T03:05:01Z">
      <class name="anagram.AnagramTest">
        <test-method status="PASS" signature="initMocks()[pri:0, instance:anagram.AnagramTest@30c7da1e]" name="initMocks" is-config="true" duration-ms="1" started-at="2019-01-14T03:04:58Z" finished-at="2019-01-14T03:04:58Z">
          <reporter-output>
          </reporter-output>
        </test-method> <!-- initMocks -->
        <test-method status="PASS" signature="testValidAnagram()[pri:0, instance:anagram.AnagramTest@30c7da1e]" name="testValidAnagram" duration-ms="1" started-at="2019-01-14T03:04:58Z" finished-at="2019-01-14T03:04:58Z">
          <reporter-output>
          </reporter-output>
        </test-method> <!-- testValidAnagram -->
        <test-method status="PASS" signature="initMocks()[pri:0, instance:anagram.AnagramTest@30c7da1e]" name="initMocks" is-config="true" duration-ms="1" started-at="2019-01-14T03:04:58Z" finished-at="2019-01-14T03:04:58Z">
          <reporter-output>
          </reporter-output>
        </test-method> <!-- initMocks -->
        <test-method status="PASS" signature="testValidNonAnagrams()[pri:0, instance:anagram.AnagramTest@30c7da1e]" name="testValidNonAnagrams" duration-ms="0" started-at="2019-01-14T03:04:58Z" finished-at="2019-01-14T03:04:58Z">
          <reporter-output>
          </reporter-output>
        </test-method> <!-- testValidNonAnagrams -->
      </class> <!-- anagram.AnagramTest -->
      <class name="hashnocrash.HashNoCrashTest">
        <test-method status="PASS" signature="initMocks()[pri:0, instance:hashnocrash.HashNoCrashTest@19dfb72a]" name="initMocks" is-config="true" duration-ms="1" started-at="2019-01-14T03:04:58Z" finished-at="2019-01-14T03:04:58Z">
          <reporter-output>
          </reporter-output>
        </test-method> <!-- initMocks -->
        <test-method status="PASS" signature="testExceptions()[pri:0, instance:hashnocrash.HashNoCrashTest@19dfb72a]" name="testExceptions" duration-ms="0" started-at="2019-01-14T03:04:58Z" finished-at="2019-01-14T03:04:58Z">
          <reporter-output>
          </reporter-output>
        </test-method> <!-- testExceptions -->
        <test-method status="PASS" signature="initMocks()[pri:0, instance:hashnocrash.HashNoCrashTest@19dfb72a]" name="initMocks" is-config="true" duration-ms="0" started-at="2019-01-14T03:04:58Z" finished-at="2019-01-14T03:04:58Z">
          <reporter-output>
          </reporter-output>
        </test-method> <!-- initMocks -->
        <test-method status="PASS" signature="testHashFuntionality()[pri:0, instance:hashnocrash.HashNoCrashTest@19dfb72a]" name="testHashFuntionality" duration-ms="3252" started-at="2019-01-14T03:04:58Z" finished-at="2019-01-14T03:05:01Z">
          <reporter-output>
          </reporter-output>
        </test-method> <!-- testHashFuntionality -->
      </class> <!-- hashnocrash.HashNoCrashTest -->
      <class name="directory.FileSearchTest">
        <test-method status="PASS" signature="initMocks()[pri:0, instance:directory.FileSearchTest@57829d67]" name="initMocks" is-config="true" duration-ms="1" started-at="2019-01-14T03:04:58Z" finished-at="2019-01-14T03:04:58Z">
          <reporter-output>
          </reporter-output>
        </test-method> <!-- initMocks -->
        <test-method status="PASS" signature="testSearchForFilesByExtention()[pri:0, instance:directory.FileSearchTest@57829d67]" name="testSearchForFilesByExtention" duration-ms="112" started-at="2019-01-14T03:04:58Z" finished-at="2019-01-14T03:04:58Z">
          <reporter-output>
          </reporter-output>
        </test-method> <!-- testSearchForFilesByExtention -->
        <test-method status="PASS" signature="initMocks()[pri:0, instance:directory.FileSearchTest@57829d67]" name="initMocks" is-config="true" duration-ms="0" started-at="2019-01-14T03:04:58Z" finished-at="2019-01-14T03:04:58Z">
          <reporter-output>
          </reporter-output>
        </test-method> <!-- initMocks -->
        <test-method status="PASS" signature="testSearchForFilesByNames()[pri:0, instance:directory.FileSearchTest@57829d67]" name="testSearchForFilesByNames" duration-ms="4" started-at="2019-01-14T03:04:58Z" finished-at="2019-01-14T03:04:58Z">
          <reporter-output>
          </reporter-output>
        </test-method> <!-- testSearchForFilesByNames -->
      </class> <!-- directory.FileSearchTest -->
      <class name="garagedoor.GarageDoorTest">
        <test-method status="PASS" signature="initMocks()[pri:0, instance:garagedoor.GarageDoorTest@5b464ce8]" name="initMocks" is-config="true" duration-ms="1" started-at="2019-01-14T03:04:58Z" finished-at="2019-01-14T03:04:58Z">
          <reporter-output>
          </reporter-output>
        </test-method> <!-- initMocks -->
        <test-method status="PASS" signature="runGarageDoorFSM()[pri:0, instance:garagedoor.GarageDoorTest@5b464ce8]" name="runGarageDoorFSM" duration-ms="1" started-at="2019-01-14T03:04:58Z" finished-at="2019-01-14T03:04:58Z">
          <reporter-output>
          </reporter-output>
        </test-method> <!-- runGarageDoorFSM -->
      </class> <!-- garagedoor.GarageDoorTest -->
      <class name="shape.shape.ShapeTest">
        <test-method status="PASS" signature="initMocks()[pri:0, instance:shape.shape.ShapeTest@340f438e]" name="initMocks" is-config="true" duration-ms="262" started-at="2019-01-14T03:04:58Z" finished-at="2019-01-14T03:04:58Z">
          <reporter-output>
          </reporter-output>
        </test-method> <!-- initMocks -->
        <test-method status="PASS" signature="attemptToCreateShapeTooLarger()[pri:0, instance:shape.shape.ShapeTest@340f438e]" name="attemptToCreateShapeTooLarger" duration-ms="2" started-at="2019-01-14T03:04:58Z" finished-at="2019-01-14T03:04:58Z">
          <reporter-output>
          </reporter-output>
        </test-method> <!-- attemptToCreateShapeTooLarger -->
        <test-method status="PASS" signature="initMocks()[pri:0, instance:shape.shape.ShapeTest@340f438e]" name="initMocks" is-config="true" duration-ms="1" started-at="2019-01-14T03:04:58Z" finished-at="2019-01-14T03:04:58Z">
          <reporter-output>
          </reporter-output>
        </test-method> <!-- initMocks -->
        <test-method status="PASS" signature="attemptToCreateShapeTooSmall()[pri:0, instance:shape.shape.ShapeTest@340f438e]" name="attemptToCreateShapeTooSmall" duration-ms="0" started-at="2019-01-14T03:04:58Z" finished-at="2019-01-14T03:04:58Z">
          <reporter-output>
          </reporter-output>
        </test-method> <!-- attemptToCreateShapeTooSmall -->
        <test-method status="PASS" signature="initMocks()[pri:0, instance:shape.shape.ShapeTest@340f438e]" name="initMocks" is-config="true" duration-ms="0" started-at="2019-01-14T03:04:58Z" finished-at="2019-01-14T03:04:58Z">
          <reporter-output>
          </reporter-output>
        </test-method> <!-- initMocks -->
        <test-method status="PASS" signature="createCustomSizedShape()[pri:0, instance:shape.shape.ShapeTest@340f438e]" name="createCustomSizedShape" duration-ms="5" started-at="2019-01-14T03:04:58Z" finished-at="2019-01-14T03:04:58Z">
          <reporter-output>
          </reporter-output>
        </test-method> <!-- createCustomSizedShape -->
        <test-method status="PASS" signature="initMocks()[pri:0, instance:shape.shape.ShapeTest@340f438e]" name="initMocks" is-config="true" duration-ms="0" started-at="2019-01-14T03:04:58Z" finished-at="2019-01-14T03:04:58Z">
          <reporter-output>
          </reporter-output>
        </test-method> <!-- initMocks -->
        <test-method status="PASS" signature="createDefaultShape()[pri:0, instance:shape.shape.ShapeTest@340f438e]" name="createDefaultShape" duration-ms="0" started-at="2019-01-14T03:04:58Z" finished-at="2019-01-14T03:04:58Z">
          <reporter-output>
          </reporter-output>
        </test-method> <!-- createDefaultShape -->
        <test-method status="PASS" signature="initMocks()[pri:0, instance:shape.shape.ShapeTest@340f438e]" name="initMocks" is-config="true" duration-ms="0" started-at="2019-01-14T03:04:58Z" finished-at="2019-01-14T03:04:58Z">
          <reporter-output>
          </reporter-output>
        </test-method> <!-- initMocks -->
        <test-method status="PASS" signature="createLargestAllowedShape()[pri:0, instance:shape.shape.ShapeTest@340f438e]" name="createLargestAllowedShape" duration-ms="4" started-at="2019-01-14T03:04:58Z" finished-at="2019-01-14T03:04:58Z">
          <reporter-output>
          </reporter-output>
        </test-method> <!-- createLargestAllowedShape -->
        <test-method status="PASS" signature="initMocks()[pri:0, instance:shape.shape.ShapeTest@340f438e]" name="initMocks" is-config="true" duration-ms="1" started-at="2019-01-14T03:04:58Z" finished-at="2019-01-14T03:04:58Z">
          <reporter-output>
          </reporter-output>
        </test-method> <!-- initMocks -->
        <test-method status="PASS" signature="createSmallestAllowedShape()[pri:0, instance:shape.shape.ShapeTest@340f438e]" name="createSmallestAllowedShape" duration-ms="0" started-at="2019-01-14T03:04:58Z" finished-at="2019-01-14T03:04:58Z">
          <reporter-output>
          </reporter-output>
        </test-method> <!-- createSmallestAllowedShape -->
      </class> <!-- shape.shape.ShapeTest -->
    </test> <!-- Command line test -->
  </suite> <!-- Command line suite -->
</testng-results>
